2023-05-09 17:15:12 error [app.js]: GET /sys/register:Not Found
2023-05-09 18:48:34 error [app.js]: POST /sys/login:Not Found
2023-05-09 19:37:59 error [app.js]: GET /93d4500eb54f4ae9b8e1.hot-update.json:Not Found
2023-05-10 00:17:22 error [app.js]: GET /@/assets/images/icons/avatar.svg:Not Found
2023-05-10 00:17:56 error [app.js]: GET /@/assets/images/icons/avatar.svg:Not Found
2023-05-10 00:18:58 error [app.js]: GET /@/assets/images/icons/avatar.svg:Not Found
2023-05-10 00:19:12 error [app.js]: GET /assets/images/icons/avatar.svg:Not Found
2023-05-10 00:19:37 error [app.js]: GET /@/assets/images/icons/avatar.svg:Not Found
2023-05-10 00:21:56 error [app.js]: GET /@/assets/images/icons/avatar.svg:Not Found
2023-05-10 10:07:54 error [app.js]: POST /api/user/login:Not Found
2023-05-10 10:07:55 error [app.js]: POST /api/user/login:Not Found
2023-05-10 11:44:43 error [app.js]: POST /common/upload:Not Found
2023-05-10 11:44:59 error [app.js]: POST /common/upload:Not Found
2023-05-10 11:49:34 error [app.js]: POST /common/upload:Not Found
2023-05-10 16:40:00 error [app.js]: POST /post/add:Not Found
2023-05-10 17:30:37 error [app.js]: POST /post/add:Not Found
2023-05-10 21:41:25 error [app.js]: POST /post/getUserPostList:Not Found
2023-05-10 21:55:18 error [app.js]: POST /post/getPostByUserId:Not Found
2023-05-11 14:06:47 error [app.js]: POST /post/getPostDetail:Unexpected token '2', "#" is not valid JSON
2023-05-12 12:25:05 error [app.js]: POST /circle/createCircle:Not Found
2023-05-15 16:41:47 error [app.js]: GET /post/getPostListByKeyword:Not Found
